[2024-12-03 10:53:45][ERROR][bip39_blasting] error sending request for url (https://mainnet.infura.io/v3/cdd59d40b4f04411964c67a1bbe2bc75)
[2024-12-03 10:53:57][ERROR][bip39_blasting] error sending request for url (https://mainnet.infura.io/v3/cdd59d40b4f04411964c67a1bbe2bc75)
[2024-12-03 10:55:23][ERROR][bip39_blasting] HTTP error 429 with body: {"jsonrpc":"2.0","id":1,"error":{"code":-32005,"message":"project ID request rate exceeded","data":{"see":"https://infura.io/dashboard"}}}
[2024-12-03 10:55:29][ERROR][bip39_blasting] error sending request for url (https://rough-side-star.quiknode.pro/03f49426224e2d6033e919ddd67eafab233b0230)
[2024-12-03 10:55:54][ERROR][bip39_blasting] error sending request for url (https://mainnet.infura.io/v3/cdd59d40b4f04411964c67a1bbe2bc75)
[2024-12-03 10:55:54][ERROR][bip39_blasting] error sending request for url (https://rough-side-star.quiknode.pro/03f49426224e2d6033e919ddd67eafab233b0230)
[2024-12-03 10:56:03][ERROR][bip39_blasting] HTTP error 429 with body: {"jsonrpc":"2.0","id":1,"error":{"code":-32005,"message":"project ID request rate exceeded","data":{"see":"https://infura.io/dashboard"}}}
[2024-12-03 10:56:11][ERROR][bip39_blasting] error sending request for url (https://mainnet.infura.io/v3/cdd59d40b4f04411964c67a1bbe2bc75)
[2024-12-03 10:56:13][ERROR][bip39_blasting] error sending request for url (https://eth-mainnet.g.alchemy.com/v2/-o8_3QgAPJ0x1jWZqV3XiqdJOUJmWU7I)
[2024-12-03 10:56:19][ERROR][bip39_blasting] error sending request for url (https://mainnet.infura.io/v3/cdd59d40b4f04411964c67a1bbe2bc75)
[2024-12-03 10:56:19][ERROR][bip39_blasting] error sending request for url (https://eth-mainnet.g.alchemy.com/v2/-o8_3QgAPJ0x1jWZqV3XiqdJOUJmWU7I)
[2024-12-03 10:56:20][ERROR][bip39_blasting] error sending request for url (https://mainnet.infura.io/v3/cdd59d40b4f04411964c67a1bbe2bc75)
[2024-12-03 10:57:29][ERROR][bip39_blasting] error sending request for url (https://mainnet.infura.io/v3/cdd59d40b4f04411964c67a1bbe2bc75)
[2024-12-03 10:57:29][ERROR][bip39_blasting] error sending request for url (https://eth-mainnet.g.alchemy.com/v2/-o8_3QgAPJ0x1jWZqV3XiqdJOUJmWU7I)
[2024-12-03 10:57:30][ERROR][bip39_blasting] error sending request for url (https://rough-side-star.quiknode.pro/03f49426224e2d6033e919ddd67eafab233b0230)
[2024-12-03 10:57:30][ERROR][bip39_blasting] error sending request for url (https://eth-mainnet.g.alchemy.com/v2/-o8_3QgAPJ0x1jWZqV3XiqdJOUJmWU7I)
[2024-12-03 10:57:30][ERROR][bip39_blasting] error sending request for url (https://mainnet.infura.io/v3/cdd59d40b4f04411964c67a1bbe2bc75)
[2024-12-03 10:57:30][ERROR][bip39_blasting] error sending request for url (https://mainnet.infura.io/v3/cdd59d40b4f04411964c67a1bbe2bc75)
[2024-12-03 10:57:31][ERROR][bip39_blasting] error sending request for url (https://rough-side-star.quiknode.pro/03f49426224e2d6033e919ddd67eafab233b0230)
[2024-12-03 10:57:32][ERROR][bip39_blasting] error sending request for url (https://eth-mainnet.g.alchemy.com/v2/-o8_3QgAPJ0x1jWZqV3XiqdJOUJmWU7I)
[2024-12-03 10:57:32][ERROR][bip39_blasting] error sending request for url (https://mainnet.infura.io/v3/cdd59d40b4f04411964c67a1bbe2bc75)
[2024-12-03 10:57:33][ERROR][bip39_blasting] error sending request for url (https://mainnet.infura.io/v3/cdd59d40b4f04411964c67a1bbe2bc75)
[2024-12-03 10:57:33][ERROR][bip39_blasting] error sending request for url (https://eth-mainnet.g.alchemy.com/v2/-o8_3QgAPJ0x1jWZqV3XiqdJOUJmWU7I)
[2024-12-03 10:57:33][ERROR][bip39_blasting] error sending request for url (https://eth-mainnet.g.alchemy.com/v2/-o8_3QgAPJ0x1jWZqV3XiqdJOUJmWU7I)
[2024-12-03 10:57:35][ERROR][bip39_blasting] error sending request for url (https://eth-mainnet.g.alchemy.com/v2/-o8_3QgAPJ0x1jWZqV3XiqdJOUJmWU7I)
[2024-12-03 10:57:35][ERROR][bip39_blasting] error sending request for url (https://mainnet.infura.io/v3/cdd59d40b4f04411964c67a1bbe2bc75)
[2024-12-03 10:57:36][ERROR][bip39_blasting] error sending request for url (https://mainnet.infura.io/v3/cdd59d40b4f04411964c67a1bbe2bc75)
[2024-12-03 10:57:36][ERROR][bip39_blasting] error sending request for url (https://eth-mainnet.g.alchemy.com/v2/-o8_3QgAPJ0x1jWZqV3XiqdJOUJmWU7I)
[2024-12-03 10:57:36][ERROR][bip39_blasting] error sending request for url (https://eth-mainnet.g.alchemy.com/v2/-o8_3QgAPJ0x1jWZqV3XiqdJOUJmWU7I)
[2024-12-03 10:57:36][ERROR][bip39_blasting] error sending request for url (https://mainnet.infura.io/v3/cdd59d40b4f04411964c67a1bbe2bc75)
[2024-12-03 10:57:36][ERROR][bip39_blasting] error sending request for url (https://mainnet.infura.io/v3/cdd59d40b4f04411964c67a1bbe2bc75)
[2024-12-03 10:57:36][ERROR][bip39_blasting] error sending request for url (https://rough-side-star.quiknode.pro/03f49426224e2d6033e919ddd67eafab233b0230)
[2024-12-03 10:57:36][ERROR][bip39_blasting] error sending request for url (https://eth-mainnet.g.alchemy.com/v2/-o8_3QgAPJ0x1jWZqV3XiqdJOUJmWU7I)
[2024-12-03 10:57:37][ERROR][bip39_blasting] error sending request for url (https://rough-side-star.quiknode.pro/03f49426224e2d6033e919ddd67eafab233b0230)
[2024-12-03 10:57:37][ERROR][bip39_blasting] error sending request for url (https://eth-mainnet.g.alchemy.com/v2/-o8_3QgAPJ0x1jWZqV3XiqdJOUJmWU7I)
[2024-12-03 10:57:37][ERROR][bip39_blasting] error sending request for url (https://rough-side-star.quiknode.pro/03f49426224e2d6033e919ddd67eafab233b0230)
[2024-12-03 10:57:37][ERROR][bip39_blasting] error sending request for url (https://rough-side-star.quiknode.pro/03f49426224e2d6033e919ddd67eafab233b0230)
[2024-12-03 10:57:37][ERROR][bip39_blasting] error sending request for url (https://mainnet.infura.io/v3/cdd59d40b4f04411964c67a1bbe2bc75)
[2024-12-03 10:57:38][ERROR][bip39_blasting] error sending request for url (https://eth-mainnet.g.alchemy.com/v2/-o8_3QgAPJ0x1jWZqV3XiqdJOUJmWU7I)
[2024-12-03 10:57:38][ERROR][bip39_blasting] error sending request for url (https://mainnet.infura.io/v3/cdd59d40b4f04411964c67a1bbe2bc75)
[2024-12-03 10:57:38][ERROR][bip39_blasting] error sending request for url (https://eth-mainnet.g.alchemy.com/v2/-o8_3QgAPJ0x1jWZqV3XiqdJOUJmWU7I)
[2024-12-03 10:57:38][ERROR][bip39_blasting] error sending request for url (https://eth-mainnet.g.alchemy.com/v2/-o8_3QgAPJ0x1jWZqV3XiqdJOUJmWU7I)
[2024-12-03 10:57:38][ERROR][bip39_blasting] error sending request for url (https://rough-side-star.quiknode.pro/03f49426224e2d6033e919ddd67eafab233b0230)
[2024-12-03 10:57:39][ERROR][bip39_blasting] error sending request for url (https://rough-side-star.quiknode.pro/03f49426224e2d6033e919ddd67eafab233b0230)
[2024-12-03 10:57:39][ERROR][bip39_blasting] error sending request for url (https://mainnet.infura.io/v3/cdd59d40b4f04411964c67a1bbe2bc75)
[2024-12-03 10:57:39][ERROR][bip39_blasting] error sending request for url (https://eth-mainnet.g.alchemy.com/v2/-o8_3QgAPJ0x1jWZqV3XiqdJOUJmWU7I)
[2024-12-03 10:57:42][ERROR][bip39_blasting] error sending request for url (https://mainnet.infura.io/v3/cdd59d40b4f04411964c67a1bbe2bc75)
[2024-12-03 10:57:42][ERROR][bip39_blasting] error sending request for url (https://mainnet.infura.io/v3/cdd59d40b4f04411964c67a1bbe2bc75)
[2024-12-03 10:57:42][ERROR][bip39_blasting] error sending request for url (https://eth-mainnet.g.alchemy.com/v2/-o8_3QgAPJ0x1jWZqV3XiqdJOUJmWU7I)
[2024-12-03 10:57:42][ERROR][bip39_blasting] error sending request for url (https://mainnet.infura.io/v3/cdd59d40b4f04411964c67a1bbe2bc75)
[2024-12-03 10:57:42][ERROR][bip39_blasting] error sending request for url (https://mainnet.infura.io/v3/cdd59d40b4f04411964c67a1bbe2bc75)
[2024-12-03 10:57:42][ERROR][bip39_blasting] error sending request for url (https://mainnet.infura.io/v3/cdd59d40b4f04411964c67a1bbe2bc75)
[2024-12-03 10:57:42][ERROR][bip39_blasting] error sending request for url (https://mainnet.infura.io/v3/cdd59d40b4f04411964c67a1bbe2bc75)
[2024-12-03 10:57:42][ERROR][bip39_blasting] error sending request for url (https://rough-side-star.quiknode.pro/03f49426224e2d6033e919ddd67eafab233b0230)
[2024-12-03 10:57:42][ERROR][bip39_blasting] error sending request for url (https://eth-mainnet.g.alchemy.com/v2/-o8_3QgAPJ0x1jWZqV3XiqdJOUJmWU7I)
[2024-12-03 10:57:42][ERROR][bip39_blasting] error sending request for url (https://mainnet.infura.io/v3/cdd59d40b4f04411964c67a1bbe2bc75)
[2024-12-03 10:57:42][ERROR][bip39_blasting] error sending request for url (https://mainnet.infura.io/v3/cdd59d40b4f04411964c67a1bbe2bc75)
[2024-12-03 10:57:42][ERROR][bip39_blasting] error sending request for url (https://mainnet.infura.io/v3/cdd59d40b4f04411964c67a1bbe2bc75)
[2024-12-03 10:57:42][ERROR][bip39_blasting] error sending request for url (https://eth-mainnet.g.alchemy.com/v2/-o8_3QgAPJ0x1jWZqV3XiqdJOUJmWU7I)
[2024-12-03 10:57:43][ERROR][bip39_blasting] error sending request for url (https://mainnet.infura.io/v3/cdd59d40b4f04411964c67a1bbe2bc75)
[2024-12-03 10:57:43][ERROR][bip39_blasting] error sending request for url (https://mainnet.infura.io/v3/cdd59d40b4f04411964c67a1bbe2bc75)
[2024-12-03 10:57:43][ERROR][bip39_blasting] error sending request for url (https://rough-side-star.quiknode.pro/03f49426224e2d6033e919ddd67eafab233b0230)
[2024-12-03 10:57:43][ERROR][bip39_blasting] error sending request for url (https://mainnet.infura.io/v3/cdd59d40b4f04411964c67a1bbe2bc75)
[2024-12-03 10:57:45][ERROR][bip39_blasting] error sending request for url (https://mainnet.infura.io/v3/cdd59d40b4f04411964c67a1bbe2bc75)
[2024-12-03 10:57:45][ERROR][bip39_blasting] error sending request for url (https://eth-mainnet.g.alchemy.com/v2/-o8_3QgAPJ0x1jWZqV3XiqdJOUJmWU7I)
[2024-12-03 10:57:45][ERROR][bip39_blasting] error sending request for url (https://rough-side-star.quiknode.pro/03f49426224e2d6033e919ddd67eafab233b0230)
[2024-12-03 10:57:45][ERROR][bip39_blasting] error sending request for url (https://eth-mainnet.g.alchemy.com/v2/-o8_3QgAPJ0x1jWZqV3XiqdJOUJmWU7I)
[2024-12-03 10:57:45][ERROR][bip39_blasting] error sending request for url (https://eth-mainnet.g.alchemy.com/v2/-o8_3QgAPJ0x1jWZqV3XiqdJOUJmWU7I)
[2024-12-03 10:57:47][ERROR][bip39_blasting] HTTP error 429 with body: {"jsonrpc":"2.0","id":0,"error":{"code":-32005,"message":"project ID request rate exceeded","data":{"see":"https://infura.io/dashboard"}}}
[2024-12-03 10:57:47][ERROR][bip39_blasting] error sending request for url (https://eth-mainnet.g.alchemy.com/v2/-o8_3QgAPJ0x1jWZqV3XiqdJOUJmWU7I)
[2024-12-03 10:57:50][ERROR][bip39_blasting] error sending request for url (https://mainnet.infura.io/v3/cdd59d40b4f04411964c67a1bbe2bc75)
[2024-12-03 10:57:50][ERROR][bip39_blasting] error sending request for url (https://eth-mainnet.g.alchemy.com/v2/-o8_3QgAPJ0x1jWZqV3XiqdJOUJmWU7I)
[2024-12-03 10:57:50][ERROR][bip39_blasting] error sending request for url (https://rough-side-star.quiknode.pro/03f49426224e2d6033e919ddd67eafab233b0230)
[2024-12-03 10:57:50][ERROR][bip39_blasting] error sending request for url (https://mainnet.infura.io/v3/cdd59d40b4f04411964c67a1bbe2bc75)
[2024-12-03 10:57:50][ERROR][bip39_blasting] error sending request for url (https://eth-mainnet.g.alchemy.com/v2/-o8_3QgAPJ0x1jWZqV3XiqdJOUJmWU7I)
[2024-12-03 10:57:50][ERROR][bip39_blasting] error sending request for url (https://mainnet.infura.io/v3/cdd59d40b4f04411964c67a1bbe2bc75)
[2024-12-03 10:57:50][ERROR][bip39_blasting] error sending request for url (https://eth-mainnet.g.alchemy.com/v2/-o8_3QgAPJ0x1jWZqV3XiqdJOUJmWU7I)
[2024-12-03 10:57:51][ERROR][bip39_blasting] error sending request for url (https://rough-side-star.quiknode.pro/03f49426224e2d6033e919ddd67eafab233b0230)
[2024-12-03 10:57:51][ERROR][bip39_blasting] error sending request for url (https://eth-mainnet.g.alchemy.com/v2/-o8_3QgAPJ0x1jWZqV3XiqdJOUJmWU7I)
[2024-12-03 10:57:51][ERROR][bip39_blasting] error sending request for url (https://mainnet.infura.io/v3/cdd59d40b4f04411964c67a1bbe2bc75)
[2024-12-03 10:57:51][ERROR][bip39_blasting] error sending request for url (https://mainnet.infura.io/v3/cdd59d40b4f04411964c67a1bbe2bc75)
[2024-12-03 10:57:51][ERROR][bip39_blasting] error sending request for url (https://rough-side-star.quiknode.pro/03f49426224e2d6033e919ddd67eafab233b0230)
[2024-12-03 10:57:56][ERROR][bip39_blasting] error sending request for url (https://eth-mainnet.g.alchemy.com/v2/-o8_3QgAPJ0x1jWZqV3XiqdJOUJmWU7I)
[2024-12-03 10:57:56][ERROR][bip39_blasting] error sending request for url (https://mainnet.infura.io/v3/cdd59d40b4f04411964c67a1bbe2bc75)
[2024-12-03 10:57:56][ERROR][bip39_blasting] error sending request for url (https://eth-mainnet.g.alchemy.com/v2/-o8_3QgAPJ0x1jWZqV3XiqdJOUJmWU7I)
[2024-12-03 10:57:57][ERROR][bip39_blasting] error sending request for url (https://eth-mainnet.g.alchemy.com/v2/-o8_3QgAPJ0x1jWZqV3XiqdJOUJmWU7I)
[2024-12-03 10:57:57][ERROR][bip39_blasting] error sending request for url (https://rough-side-star.quiknode.pro/03f49426224e2d6033e919ddd67eafab233b0230)
[2024-12-03 10:57:57][ERROR][bip39_blasting] error sending request for url (https://eth-mainnet.g.alchemy.com/v2/-o8_3QgAPJ0x1jWZqV3XiqdJOUJmWU7I)
[2024-12-03 10:57:57][ERROR][bip39_blasting] error sending request for url (https://rough-side-star.quiknode.pro/03f49426224e2d6033e919ddd67eafab233b0230)
[2024-12-03 10:57:57][ERROR][bip39_blasting] error sending request for url (https://rough-side-star.quiknode.pro/03f49426224e2d6033e919ddd67eafab233b0230)
[2024-12-03 10:58:02][ERROR][bip39_blasting] error sending request for url (https://eth-mainnet.g.alchemy.com/v2/-o8_3QgAPJ0x1jWZqV3XiqdJOUJmWU7I)
[2024-12-03 10:58:03][ERROR][bip39_blasting] error sending request for url (https://eth-mainnet.g.alchemy.com/v2/-o8_3QgAPJ0x1jWZqV3XiqdJOUJmWU7I)
[2024-12-03 10:58:03][ERROR][bip39_blasting] error sending request for url (https://mainnet.infura.io/v3/cdd59d40b4f04411964c67a1bbe2bc75)
[2024-12-03 10:58:03][ERROR][bip39_blasting] error sending request for url (https://mainnet.infura.io/v3/cdd59d40b4f04411964c67a1bbe2bc75)
[2024-12-03 10:58:03][ERROR][bip39_blasting] error sending request for url (https://mainnet.infura.io/v3/cdd59d40b4f04411964c67a1bbe2bc75)
[2024-12-03 10:58:03][ERROR][bip39_blasting] error sending request for url (https://mainnet.infura.io/v3/cdd59d40b4f04411964c67a1bbe2bc75)
[2024-12-03 10:58:03][ERROR][bip39_blasting] error sending request for url (https://eth-mainnet.g.alchemy.com/v2/-o8_3QgAPJ0x1jWZqV3XiqdJOUJmWU7I)
[2024-12-03 10:58:03][ERROR][bip39_blasting] error sending request for url (https://mainnet.infura.io/v3/cdd59d40b4f04411964c67a1bbe2bc75)
[2024-12-03 10:58:03][ERROR][bip39_blasting] error sending request for url (https://eth-mainnet.g.alchemy.com/v2/-o8_3QgAPJ0x1jWZqV3XiqdJOUJmWU7I)
[2024-12-03 10:58:03][ERROR][bip39_blasting] error sending request for url (https://eth-mainnet.g.alchemy.com/v2/-o8_3QgAPJ0x1jWZqV3XiqdJOUJmWU7I)
[2024-12-03 10:58:03][ERROR][bip39_blasting] error sending request for url (https://rough-side-star.quiknode.pro/03f49426224e2d6033e919ddd67eafab233b0230)
[2024-12-03 10:58:08][ERROR][bip39_blasting] error sending request for url (https://mainnet.infura.io/v3/cdd59d40b4f04411964c67a1bbe2bc75)
[2024-12-03 10:58:08][ERROR][bip39_blasting] error sending request for url (https://mainnet.infura.io/v3/cdd59d40b4f04411964c67a1bbe2bc75)
[2024-12-03 10:58:09][ERROR][bip39_blasting] error sending request for url (https://rough-side-star.quiknode.pro/03f49426224e2d6033e919ddd67eafab233b0230)
[2024-12-03 10:58:09][ERROR][bip39_blasting] error sending request for url (https://rough-side-star.quiknode.pro/03f49426224e2d6033e919ddd67eafab233b0230)
[2024-12-03 10:58:09][ERROR][bip39_blasting] error sending request for url (https://rough-side-star.quiknode.pro/03f49426224e2d6033e919ddd67eafab233b0230)
[2024-12-03 10:58:09][ERROR][bip39_blasting] error sending request for url (https://mainnet.infura.io/v3/cdd59d40b4f04411964c67a1bbe2bc75)
[2024-12-03 10:58:09][ERROR][bip39_blasting] error sending request for url (https://mainnet.infura.io/v3/cdd59d40b4f04411964c67a1bbe2bc75)
[2024-12-03 10:58:09][ERROR][bip39_blasting] error sending request for url (https://eth-mainnet.g.alchemy.com/v2/-o8_3QgAPJ0x1jWZqV3XiqdJOUJmWU7I)
[2024-12-03 10:58:09][ERROR][bip39_blasting] error sending request for url (https://mainnet.infura.io/v3/cdd59d40b4f04411964c67a1bbe2bc75)
[2024-12-03 10:58:09][ERROR][bip39_blasting] error sending request for url (https://eth-mainnet.g.alchemy.com/v2/-o8_3QgAPJ0x1jWZqV3XiqdJOUJmWU7I)
[2024-12-03 10:58:12][ERROR][bip39_blasting] error sending request for url (https://mainnet.infura.io/v3/cdd59d40b4f04411964c67a1bbe2bc75)
[2024-12-03 10:58:14][ERROR][bip39_blasting] error sending request for url (https://rough-side-star.quiknode.pro/03f49426224e2d6033e919ddd67eafab233b0230)
[2024-12-03 10:58:14][ERROR][bip39_blasting] error sending request for url (https://eth-mainnet.g.alchemy.com/v2/-o8_3QgAPJ0x1jWZqV3XiqdJOUJmWU7I)
[2024-12-03 10:58:14][ERROR][bip39_blasting] error sending request for url (https://mainnet.infura.io/v3/cdd59d40b4f04411964c67a1bbe2bc75)
[2024-12-03 10:58:14][ERROR][bip39_blasting] error sending request for url (https://rough-side-star.quiknode.pro/03f49426224e2d6033e919ddd67eafab233b0230)
[2024-12-03 10:58:14][ERROR][bip39_blasting] error sending request for url (https://mainnet.infura.io/v3/cdd59d40b4f04411964c67a1bbe2bc75)
[2024-12-03 10:58:14][ERROR][bip39_blasting] error sending request for url (https://eth-mainnet.g.alchemy.com/v2/-o8_3QgAPJ0x1jWZqV3XiqdJOUJmWU7I)
[2024-12-03 10:58:14][ERROR][bip39_blasting] error sending request for url (https://mainnet.infura.io/v3/cdd59d40b4f04411964c67a1bbe2bc75)
[2024-12-03 10:58:14][ERROR][bip39_blasting] error sending request for url (https://eth-mainnet.g.alchemy.com/v2/-o8_3QgAPJ0x1jWZqV3XiqdJOUJmWU7I)
[2024-12-03 10:58:14][ERROR][bip39_blasting] error sending request for url (https://rough-side-star.quiknode.pro/03f49426224e2d6033e919ddd67eafab233b0230)
[2024-12-03 10:58:15][ERROR][bip39_blasting] error sending request for url (https://mainnet.infura.io/v3/cdd59d40b4f04411964c67a1bbe2bc75)
[2024-12-03 10:58:15][ERROR][bip39_blasting] error sending request for url (https://eth-mainnet.g.alchemy.com/v2/-o8_3QgAPJ0x1jWZqV3XiqdJOUJmWU7I)
[2024-12-03 10:58:15][ERROR][bip39_blasting] error sending request for url (https://rough-side-star.quiknode.pro/03f49426224e2d6033e919ddd67eafab233b0230)
[2024-12-03 10:58:15][ERROR][bip39_blasting] error sending request for url (https://eth-mainnet.g.alchemy.com/v2/-o8_3QgAPJ0x1jWZqV3XiqdJOUJmWU7I)
[2024-12-03 10:58:15][ERROR][bip39_blasting] error sending request for url (https://mainnet.infura.io/v3/cdd59d40b4f04411964c67a1bbe2bc75)
[2024-12-03 10:58:15][ERROR][bip39_blasting] error sending request for url (https://rough-side-star.quiknode.pro/03f49426224e2d6033e919ddd67eafab233b0230)
[2024-12-03 10:58:15][ERROR][bip39_blasting] error sending request for url (https://mainnet.infura.io/v3/cdd59d40b4f04411964c67a1bbe2bc75)
[2024-12-03 10:58:15][ERROR][bip39_blasting] error sending request for url (https://eth-mainnet.g.alchemy.com/v2/-o8_3QgAPJ0x1jWZqV3XiqdJOUJmWU7I)
[2024-12-03 10:58:15][ERROR][bip39_blasting] error sending request for url (https://rough-side-star.quiknode.pro/03f49426224e2d6033e919ddd67eafab233b0230)
[2024-12-03 10:58:16][ERROR][bip39_blasting] error sending request for url (https://rough-side-star.quiknode.pro/03f49426224e2d6033e919ddd67eafab233b0230)
[2024-12-03 10:58:16][ERROR][bip39_blasting] error sending request for url (https://mainnet.infura.io/v3/cdd59d40b4f04411964c67a1bbe2bc75)
[2024-12-03 10:58:16][ERROR][bip39_blasting] error sending request for url (https://eth-mainnet.g.alchemy.com/v2/-o8_3QgAPJ0x1jWZqV3XiqdJOUJmWU7I)
[2024-12-03 10:58:17][ERROR][bip39_blasting] error sending request for url (https://mainnet.infura.io/v3/cdd59d40b4f04411964c67a1bbe2bc75)
[2024-12-03 10:58:18][ERROR][bip39_blasting] error sending request for url (https://rough-side-star.quiknode.pro/03f49426224e2d6033e919ddd67eafab233b0230)
[2024-12-03 10:58:18][ERROR][bip39_blasting] error sending request for url (https://mainnet.infura.io/v3/cdd59d40b4f04411964c67a1bbe2bc75)
[2024-12-03 10:58:18][ERROR][bip39_blasting] error sending request for url (https://eth-mainnet.g.alchemy.com/v2/-o8_3QgAPJ0x1jWZqV3XiqdJOUJmWU7I)
[2024-12-03 10:58:20][ERROR][bip39_blasting] error sending request for url (https://mainnet.infura.io/v3/cdd59d40b4f04411964c67a1bbe2bc75)
[2024-12-03 10:58:21][ERROR][bip39_blasting] error sending request for url (https://rough-side-star.quiknode.pro/03f49426224e2d6033e919ddd67eafab233b0230)
[2024-12-03 10:58:21][ERROR][bip39_blasting] error sending request for url (https://mainnet.infura.io/v3/cdd59d40b4f04411964c67a1bbe2bc75)
[2024-12-03 10:58:21][ERROR][bip39_blasting] error sending request for url (https://mainnet.infura.io/v3/cdd59d40b4f04411964c67a1bbe2bc75)
[2024-12-03 10:58:21][ERROR][bip39_blasting] error sending request for url (https://rough-side-star.quiknode.pro/03f49426224e2d6033e919ddd67eafab233b0230)
[2024-12-03 10:58:21][ERROR][bip39_blasting] error sending request for url (https://mainnet.infura.io/v3/cdd59d40b4f04411964c67a1bbe2bc75)
[2024-12-03 10:58:21][ERROR][bip39_blasting] error sending request for url (https://eth-mainnet.g.alchemy.com/v2/-o8_3QgAPJ0x1jWZqV3XiqdJOUJmWU7I)
[2024-12-03 10:58:21][ERROR][bip39_blasting] error sending request for url (https://rough-side-star.quiknode.pro/03f49426224e2d6033e919ddd67eafab233b0230)
[2024-12-03 10:58:21][ERROR][bip39_blasting] error sending request for url (https://rough-side-star.quiknode.pro/03f49426224e2d6033e919ddd67eafab233b0230)
[2024-12-03 10:58:21][ERROR][bip39_blasting] error sending request for url (https://rough-side-star.quiknode.pro/03f49426224e2d6033e919ddd67eafab233b0230)
[2024-12-03 10:58:21][ERROR][bip39_blasting] error sending request for url (https://rough-side-star.quiknode.pro/03f49426224e2d6033e919ddd67eafab233b0230)
[2024-12-03 10:58:21][ERROR][bip39_blasting] error sending request for url (https://mainnet.infura.io/v3/cdd59d40b4f04411964c67a1bbe2bc75)
[2024-12-03 10:58:22][ERROR][bip39_blasting] error sending request for url (https://mainnet.infura.io/v3/cdd59d40b4f04411964c67a1bbe2bc75)
[2024-12-03 10:58:22][ERROR][bip39_blasting] error sending request for url (https://eth-mainnet.g.alchemy.com/v2/-o8_3QgAPJ0x1jWZqV3XiqdJOUJmWU7I)
[2024-12-03 10:58:23][ERROR][bip39_blasting] error sending request for url (https://rough-side-star.quiknode.pro/03f49426224e2d6033e919ddd67eafab233b0230)
[2024-12-03 10:58:23][ERROR][bip39_blasting] error sending request for url (https://mainnet.infura.io/v3/cdd59d40b4f04411964c67a1bbe2bc75)
[2024-12-03 10:58:24][ERROR][bip39_blasting] error sending request for url (https://mainnet.infura.io/v3/cdd59d40b4f04411964c67a1bbe2bc75)
[2024-12-03 10:58:24][ERROR][bip39_blasting] error sending request for url (https://eth-mainnet.g.alchemy.com/v2/-o8_3QgAPJ0x1jWZqV3XiqdJOUJmWU7I)
[2024-12-03 10:58:27][ERROR][bip39_blasting] error sending request for url (https://mainnet.infura.io/v3/cdd59d40b4f04411964c67a1bbe2bc75)
[2024-12-03 10:58:27][ERROR][bip39_blasting] error sending request for url (https://eth-mainnet.g.alchemy.com/v2/-o8_3QgAPJ0x1jWZqV3XiqdJOUJmWU7I)
[2024-12-03 10:58:27][ERROR][bip39_blasting] error sending request for url (https://rough-side-star.quiknode.pro/03f49426224e2d6033e919ddd67eafab233b0230)
[2024-12-03 10:58:28][ERROR][bip39_blasting] error sending request for url (https://eth-mainnet.g.alchemy.com/v2/-o8_3QgAPJ0x1jWZqV3XiqdJOUJmWU7I)
[2024-12-03 10:58:28][ERROR][bip39_blasting] error sending request for url (https://mainnet.infura.io/v3/cdd59d40b4f04411964c67a1bbe2bc75)
[2024-12-03 10:58:28][ERROR][bip39_blasting] error sending request for url (https://eth-mainnet.g.alchemy.com/v2/-o8_3QgAPJ0x1jWZqV3XiqdJOUJmWU7I)
[2024-12-03 10:58:28][ERROR][bip39_blasting] error sending request for url (https://rough-side-star.quiknode.pro/03f49426224e2d6033e919ddd67eafab233b0230)
[2024-12-03 10:58:28][ERROR][bip39_blasting] error sending request for url (https://eth-mainnet.g.alchemy.com/v2/-o8_3QgAPJ0x1jWZqV3XiqdJOUJmWU7I)
[2024-12-03 10:58:28][ERROR][bip39_blasting] error sending request for url (https://eth-mainnet.g.alchemy.com/v2/-o8_3QgAPJ0x1jWZqV3XiqdJOUJmWU7I)
[2024-12-03 10:58:28][ERROR][bip39_blasting] error sending request for url (https://eth-mainnet.g.alchemy.com/v2/-o8_3QgAPJ0x1jWZqV3XiqdJOUJmWU7I)
[2024-12-03 10:58:29][ERROR][bip39_blasting] error sending request for url (https://mainnet.infura.io/v3/cdd59d40b4f04411964c67a1bbe2bc75)
[2024-12-03 10:58:29][ERROR][bip39_blasting] error sending request for url (https://eth-mainnet.g.alchemy.com/v2/-o8_3QgAPJ0x1jWZqV3XiqdJOUJmWU7I)
[2024-12-03 10:58:29][ERROR][bip39_blasting] error sending request for url (https://rough-side-star.quiknode.pro/03f49426224e2d6033e919ddd67eafab233b0230)
[2024-12-03 10:58:30][ERROR][bip39_blasting] error sending request for url (https://mainnet.infura.io/v3/cdd59d40b4f04411964c67a1bbe2bc75)
[2024-12-03 10:58:30][ERROR][bip39_blasting] error sending request for url (https://eth-mainnet.g.alchemy.com/v2/-o8_3QgAPJ0x1jWZqV3XiqdJOUJmWU7I)
[2024-12-03 10:58:30][ERROR][bip39_blasting] error sending request for url (https://eth-mainnet.g.alchemy.com/v2/-o8_3QgAPJ0x1jWZqV3XiqdJOUJmWU7I)
[2024-12-03 10:58:30][ERROR][bip39_blasting] error sending request for url (https://mainnet.infura.io/v3/cdd59d40b4f04411964c67a1bbe2bc75)
[2024-12-03 10:58:30][ERROR][bip39_blasting] error sending request for url (https://rough-side-star.quiknode.pro/03f49426224e2d6033e919ddd67eafab233b0230)
[2024-12-03 10:58:32][ERROR][bip39_blasting] error sending request for url (https://rough-side-star.quiknode.pro/03f49426224e2d6033e919ddd67eafab233b0230)
[2024-12-03 10:58:32][ERROR][bip39_blasting] error sending request for url (https://eth-mainnet.g.alchemy.com/v2/-o8_3QgAPJ0x1jWZqV3XiqdJOUJmWU7I)
[2024-12-03 10:58:32][ERROR][bip39_blasting] error sending request for url (https://eth-mainnet.g.alchemy.com/v2/-o8_3QgAPJ0x1jWZqV3XiqdJOUJmWU7I)
[2024-12-03 10:58:32][ERROR][bip39_blasting] error sending request for url (https://rough-side-star.quiknode.pro/03f49426224e2d6033e919ddd67eafab233b0230)
[2024-12-03 10:58:33][ERROR][bip39_blasting] error sending request for url (https://mainnet.infura.io/v3/cdd59d40b4f04411964c67a1bbe2bc75)
[2024-12-03 10:58:33][ERROR][bip39_blasting] error sending request for url (https://mainnet.infura.io/v3/cdd59d40b4f04411964c67a1bbe2bc75)
[2024-12-03 10:58:33][ERROR][bip39_blasting] error sending request for url (https://rough-side-star.quiknode.pro/03f49426224e2d6033e919ddd67eafab233b0230)
[2024-12-03 10:58:33][ERROR][bip39_blasting] error sending request for url (https://mainnet.infura.io/v3/cdd59d40b4f04411964c67a1bbe2bc75)
[2024-12-03 10:58:35][ERROR][bip39_blasting] error sending request for url (https://mainnet.infura.io/v3/cdd59d40b4f04411964c67a1bbe2bc75)
[2024-12-03 10:58:35][ERROR][bip39_blasting] error sending request for url (https://eth-mainnet.g.alchemy.com/v2/-o8_3QgAPJ0x1jWZqV3XiqdJOUJmWU7I)
[2024-12-03 10:58:36][ERROR][bip39_blasting] error sending request for url (https://mainnet.infura.io/v3/cdd59d40b4f04411964c67a1bbe2bc75)
[2024-12-03 10:58:36][ERROR][bip39_blasting] error sending request for url (https://rough-side-star.quiknode.pro/03f49426224e2d6033e919ddd67eafab233b0230)
[2024-12-03 10:58:36][ERROR][bip39_blasting] error sending request for url (https://rough-side-star.quiknode.pro/03f49426224e2d6033e919ddd67eafab233b0230)
[2024-12-03 10:58:41][ERROR][bip39_blasting] error sending request for url (https://eth-mainnet.g.alchemy.com/v2/-o8_3QgAPJ0x1jWZqV3XiqdJOUJmWU7I)
[2024-12-03 10:58:42][ERROR][bip39_blasting] error sending request for url (https://mainnet.infura.io/v3/cdd59d40b4f04411964c67a1bbe2bc75)
[2024-12-03 10:58:42][ERROR][bip39_blasting] error sending request for url (https://eth-mainnet.g.alchemy.com/v2/-o8_3QgAPJ0x1jWZqV3XiqdJOUJmWU7I)
[2024-12-03 10:58:42][ERROR][bip39_blasting] error sending request for url (https://eth-mainnet.g.alchemy.com/v2/-o8_3QgAPJ0x1jWZqV3XiqdJOUJmWU7I)
[2024-12-03 10:58:42][ERROR][bip39_blasting] error sending request for url (https://rough-side-star.quiknode.pro/03f49426224e2d6033e919ddd67eafab233b0230)
[2024-12-03 10:58:42][ERROR][bip39_blasting] error sending request for url (https://mainnet.infura.io/v3/cdd59d40b4f04411964c67a1bbe2bc75)
[2024-12-03 10:58:42][ERROR][bip39_blasting] error sending request for url (https://rough-side-star.quiknode.pro/03f49426224e2d6033e919ddd67eafab233b0230)
[2024-12-03 10:58:44][ERROR][bip39_blasting] error sending request for url (https://eth-mainnet.g.alchemy.com/v2/-o8_3QgAPJ0x1jWZqV3XiqdJOUJmWU7I)
[2024-12-03 10:58:44][ERROR][bip39_blasting] error sending request for url (https://mainnet.infura.io/v3/cdd59d40b4f04411964c67a1bbe2bc75)
[2024-12-03 10:58:48][ERROR][bip39_blasting] error sending request for url (https://rough-side-star.quiknode.pro/03f49426224e2d6033e919ddd67eafab233b0230)
[2024-12-03 10:58:48][ERROR][bip39_blasting] error sending request for url (https://mainnet.infura.io/v3/cdd59d40b4f04411964c67a1bbe2bc75)
[2024-12-03 10:58:48][ERROR][bip39_blasting] error sending request for url (https://mainnet.infura.io/v3/cdd59d40b4f04411964c67a1bbe2bc75)
[2024-12-03 10:58:48][ERROR][bip39_blasting] error sending request for url (https://mainnet.infura.io/v3/cdd59d40b4f04411964c67a1bbe2bc75)
[2024-12-03 10:58:48][ERROR][bip39_blasting] error sending request for url (https://eth-mainnet.g.alchemy.com/v2/-o8_3QgAPJ0x1jWZqV3XiqdJOUJmWU7I)
[2024-12-03 10:58:48][ERROR][bip39_blasting] error sending request for url (https://mainnet.infura.io/v3/cdd59d40b4f04411964c67a1bbe2bc75)
[2024-12-03 10:58:48][ERROR][bip39_blasting] error sending request for url (https://rough-side-star.quiknode.pro/03f49426224e2d6033e919ddd67eafab233b0230)
[2024-12-03 10:58:48][ERROR][bip39_blasting] error sending request for url (https://mainnet.infura.io/v3/cdd59d40b4f04411964c67a1bbe2bc75)
[2024-12-03 10:58:48][ERROR][bip39_blasting] error sending request for url (https://rough-side-star.quiknode.pro/03f49426224e2d6033e919ddd67eafab233b0230)
[2024-12-03 10:58:48][ERROR][bip39_blasting] error sending request for url (https://eth-mainnet.g.alchemy.com/v2/-o8_3QgAPJ0x1jWZqV3XiqdJOUJmWU7I)
[2024-12-03 10:58:48][ERROR][bip39_blasting] error sending request for url (https://mainnet.infura.io/v3/cdd59d40b4f04411964c67a1bbe2bc75)
[2024-12-03 10:58:48][ERROR][bip39_blasting] error sending request for url (https://eth-mainnet.g.alchemy.com/v2/-o8_3QgAPJ0x1jWZqV3XiqdJOUJmWU7I)
[2024-12-03 10:58:48][ERROR][bip39_blasting] error sending request for url (https://eth-mainnet.g.alchemy.com/v2/-o8_3QgAPJ0x1jWZqV3XiqdJOUJmWU7I)
[2024-12-03 10:58:48][ERROR][bip39_blasting] error sending request for url (https://eth-mainnet.g.alchemy.com/v2/-o8_3QgAPJ0x1jWZqV3XiqdJOUJmWU7I)
[2024-12-03 10:58:48][ERROR][bip39_blasting] error sending request for url (https://mainnet.infura.io/v3/cdd59d40b4f04411964c67a1bbe2bc75)
[2024-12-03 10:58:48][ERROR][bip39_blasting] error sending request for url (https://rough-side-star.quiknode.pro/03f49426224e2d6033e919ddd67eafab233b0230)
[2024-12-03 10:58:48][ERROR][bip39_blasting] error sending request for url (https://rough-side-star.quiknode.pro/03f49426224e2d6033e919ddd67eafab233b0230)
[2024-12-03 10:58:48][ERROR][bip39_blasting] error sending request for url (https://eth-mainnet.g.alchemy.com/v2/-o8_3QgAPJ0x1jWZqV3XiqdJOUJmWU7I)
[2024-12-03 10:58:48][ERROR][bip39_blasting] error sending request for url (https://rough-side-star.quiknode.pro/03f49426224e2d6033e919ddd67eafab233b0230)
[2024-12-03 10:58:48][ERROR][bip39_blasting] error sending request for url (https://eth-mainnet.g.alchemy.com/v2/-o8_3QgAPJ0x1jWZqV3XiqdJOUJmWU7I)
[2024-12-03 10:58:50][ERROR][bip39_blasting] error sending request for url (https://mainnet.infura.io/v3/cdd59d40b4f04411964c67a1bbe2bc75)
[2024-12-03 10:58:51][ERROR][bip39_blasting] error sending request for url (https://rough-side-star.quiknode.pro/03f49426224e2d6033e919ddd67eafab233b0230)
[2024-12-03 10:58:53][ERROR][bip39_blasting] error sending request for url (https://eth-mainnet.g.alchemy.com/v2/-o8_3QgAPJ0x1jWZqV3XiqdJOUJmWU7I)
[2024-12-03 10:58:53][ERROR][bip39_blasting] error sending request for url (https://rough-side-star.quiknode.pro/03f49426224e2d6033e919ddd67eafab233b0230)
[2024-12-03 10:58:54][ERROR][bip39_blasting] error sending request for url (https://eth-mainnet.g.alchemy.com/v2/-o8_3QgAPJ0x1jWZqV3XiqdJOUJmWU7I)
[2024-12-03 10:58:54][ERROR][bip39_blasting] error sending request for url (https://eth-mainnet.g.alchemy.com/v2/-o8_3QgAPJ0x1jWZqV3XiqdJOUJmWU7I)
[2024-12-03 10:58:54][ERROR][bip39_blasting] error sending request for url (https://eth-mainnet.g.alchemy.com/v2/-o8_3QgAPJ0x1jWZqV3XiqdJOUJmWU7I)
[2024-12-03 10:58:54][ERROR][bip39_blasting] error sending request for url (https://mainnet.infura.io/v3/cdd59d40b4f04411964c67a1bbe2bc75)
[2024-12-03 10:58:54][ERROR][bip39_blasting] error sending request for url (https://mainnet.infura.io/v3/cdd59d40b4f04411964c67a1bbe2bc75)
[2024-12-03 10:58:54][ERROR][bip39_blasting] error sending request for url (https://rough-side-star.quiknode.pro/03f49426224e2d6033e919ddd67eafab233b0230)
[2024-12-03 10:58:54][ERROR][bip39_blasting] error sending request for url (https://eth-mainnet.g.alchemy.com/v2/-o8_3QgAPJ0x1jWZqV3XiqdJOUJmWU7I)
[2024-12-03 10:58:54][ERROR][bip39_blasting] error sending request for url (https://rough-side-star.quiknode.pro/03f49426224e2d6033e919ddd67eafab233b0230)
[2024-12-03 10:58:55][ERROR][bip39_blasting] error sending request for url (https://mainnet.infura.io/v3/cdd59d40b4f04411964c67a1bbe2bc75)
[2024-12-03 10:58:57][ERROR][bip39_blasting] error sending request for url (https://eth-mainnet.g.alchemy.com/v2/-o8_3QgAPJ0x1jWZqV3XiqdJOUJmWU7I)
[2024-12-03 10:58:59][ERROR][bip39_blasting] HTTP error 429 with body: {"jsonrpc":"2.0","id":0,"error":{"code":-32005,"message":"project ID request rate exceeded","data":{"see":"https://infura.io/dashboard"}}}
[2024-12-03 10:58:59][ERROR][bip39_blasting] error sending request for url (https://rough-side-star.quiknode.pro/03f49426224e2d6033e919ddd67eafab233b0230)
[2024-12-03 10:58:59][ERROR][bip39_blasting] error sending request for url (https://rough-side-star.quiknode.pro/03f49426224e2d6033e919ddd67eafab233b0230)
[2024-12-03 10:58:59][ERROR][bip39_blasting] error sending request for url (https://mainnet.infura.io/v3/cdd59d40b4f04411964c67a1bbe2bc75)
[2024-12-03 10:58:59][ERROR][bip39_blasting] HTTP error 429 with body: {"jsonrpc":"2.0","id":0,"error":{"code":-32005,"message":"project ID request rate exceeded","data":{"see":"https://infura.io/dashboard"}}}
[2024-12-03 10:59:00][ERROR][bip39_blasting] error sending request for url (https://rough-side-star.quiknode.pro/03f49426224e2d6033e919ddd67eafab233b0230)
[2024-12-03 10:59:00][ERROR][bip39_blasting] error sending request for url (https://eth-mainnet.g.alchemy.com/v2/-o8_3QgAPJ0x1jWZqV3XiqdJOUJmWU7I)
[2024-12-03 10:59:00][ERROR][bip39_blasting] error sending request for url (https://mainnet.infura.io/v3/cdd59d40b4f04411964c67a1bbe2bc75)
[2024-12-03 10:59:00][ERROR][bip39_blasting] error sending request for url (https://eth-mainnet.g.alchemy.com/v2/-o8_3QgAPJ0x1jWZqV3XiqdJOUJmWU7I)
[2024-12-03 10:59:00][ERROR][bip39_blasting] HTTP error 429 with body: {"jsonrpc":"2.0","id":0,"error":{"code":-32005,"message":"project ID request rate exceeded","data":{"see":"https://infura.io/dashboard"}}}
[2024-12-03 10:59:00][ERROR][bip39_blasting] error sending request for url (https://rough-side-star.quiknode.pro/03f49426224e2d6033e919ddd67eafab233b0230)
[2024-12-03 10:59:00][ERROR][bip39_blasting] error sending request for url (https://rough-side-star.quiknode.pro/03f49426224e2d6033e919ddd67eafab233b0230)
[2024-12-03 10:59:00][ERROR][bip39_blasting] error sending request for url (https://mainnet.infura.io/v3/cdd59d40b4f04411964c67a1bbe2bc75)
[2024-12-03 10:59:00][ERROR][bip39_blasting] error sending request for url (https://eth-mainnet.g.alchemy.com/v2/-o8_3QgAPJ0x1jWZqV3XiqdJOUJmWU7I)
[2024-12-03 10:59:00][ERROR][bip39_blasting] error sending request for url (https://mainnet.infura.io/v3/cdd59d40b4f04411964c67a1bbe2bc75)
[2024-12-03 10:59:00][ERROR][bip39_blasting] error sending request for url (https://mainnet.infura.io/v3/cdd59d40b4f04411964c67a1bbe2bc75)
[2024-12-03 10:59:00][ERROR][bip39_blasting] error sending request for url (https://rough-side-star.quiknode.pro/03f49426224e2d6033e919ddd67eafab233b0230)
[2024-12-03 10:59:00][ERROR][bip39_blasting] error sending request for url (https://eth-mainnet.g.alchemy.com/v2/-o8_3QgAPJ0x1jWZqV3XiqdJOUJmWU7I)
[2024-12-03 10:59:00][ERROR][bip39_blasting] error sending request for url (https://eth-mainnet.g.alchemy.com/v2/-o8_3QgAPJ0x1jWZqV3XiqdJOUJmWU7I)
[2024-12-03 10:59:00][ERROR][bip39_blasting] error sending request for url (https://eth-mainnet.g.alchemy.com/v2/-o8_3QgAPJ0x1jWZqV3XiqdJOUJmWU7I)
[2024-12-03 10:59:01][ERROR][bip39_blasting] error sending request for url (https://eth-mainnet.g.alchemy.com/v2/-o8_3QgAPJ0x1jWZqV3XiqdJOUJmWU7I)
[2024-12-03 10:59:01][ERROR][bip39_blasting] error sending request for url (https://eth-mainnet.g.alchemy.com/v2/-o8_3QgAPJ0x1jWZqV3XiqdJOUJmWU7I)
[2024-12-03 10:59:02][ERROR][bip39_blasting] error sending request for url (https://mainnet.infura.io/v3/cdd59d40b4f04411964c67a1bbe2bc75)
[2024-12-03 10:59:03][ERROR][bip39_blasting] error sending request for url (https://eth-mainnet.g.alchemy.com/v2/-o8_3QgAPJ0x1jWZqV3XiqdJOUJmWU7I)
[2024-12-03 10:59:03][ERROR][bip39_blasting] error sending request for url (https://eth-mainnet.g.alchemy.com/v2/-o8_3QgAPJ0x1jWZqV3XiqdJOUJmWU7I)
[2024-12-03 10:59:03][ERROR][bip39_blasting] error sending request for url (https://mainnet.infura.io/v3/cdd59d40b4f04411964c67a1bbe2bc75)
[2024-12-03 10:59:06][ERROR][bip39_blasting] error sending request for url (https://rough-side-star.quiknode.pro/03f49426224e2d6033e919ddd67eafab233b0230)
[2024-12-03 10:59:06][ERROR][bip39_blasting] error sending request for url (https://rough-side-star.quiknode.pro/03f49426224e2d6033e919ddd67eafab233b0230)
[2024-12-03 10:59:06][ERROR][bip39_blasting] error sending request for url (https://rough-side-star.quiknode.pro/03f49426224e2d6033e919ddd67eafab233b0230)
[2024-12-03 10:59:06][ERROR][bip39_blasting] error sending request for url (https://mainnet.infura.io/v3/cdd59d40b4f04411964c67a1bbe2bc75)
[2024-12-03 10:59:06][ERROR][bip39_blasting] error sending request for url (https://rough-side-star.quiknode.pro/03f49426224e2d6033e919ddd67eafab233b0230)
[2024-12-03 10:59:07][ERROR][bip39_blasting] error sending request for url (https://eth-mainnet.g.alchemy.com/v2/-o8_3QgAPJ0x1jWZqV3XiqdJOUJmWU7I)
[2024-12-03 10:59:07][ERROR][bip39_blasting] error sending request for url (https://mainnet.infura.io/v3/cdd59d40b4f04411964c67a1bbe2bc75)
[2024-12-03 10:59:07][ERROR][bip39_blasting] error sending request for url (https://eth-mainnet.g.alchemy.com/v2/-o8_3QgAPJ0x1jWZqV3XiqdJOUJmWU7I)
[2024-12-03 10:59:07][ERROR][bip39_blasting] error sending request for url (https://mainnet.infura.io/v3/cdd59d40b4f04411964c67a1bbe2bc75)
[2024-12-03 10:59:07][ERROR][bip39_blasting] error sending request for url (https://mainnet.infura.io/v3/cdd59d40b4f04411964c67a1bbe2bc75)
[2024-12-03 10:59:07][ERROR][bip39_blasting] error sending request for url (https://eth-mainnet.g.alchemy.com/v2/-o8_3QgAPJ0x1jWZqV3XiqdJOUJmWU7I)
[2024-12-03 10:59:07][ERROR][bip39_blasting] error sending request for url (https://rough-side-star.quiknode.pro/03f49426224e2d6033e919ddd67eafab233b0230)
[2024-12-03 10:59:07][ERROR][bip39_blasting] error sending request for url (https://eth-mainnet.g.alchemy.com/v2/-o8_3QgAPJ0x1jWZqV3XiqdJOUJmWU7I)
[2024-12-03 10:59:07][ERROR][bip39_blasting] error sending request for url (https://eth-mainnet.g.alchemy.com/v2/-o8_3QgAPJ0x1jWZqV3XiqdJOUJmWU7I)
[2024-12-03 10:59:08][ERROR][bip39_blasting] error sending request for url (https://eth-mainnet.g.alchemy.com/v2/-o8_3QgAPJ0x1jWZqV3XiqdJOUJmWU7I)
[2024-12-03 10:59:09][ERROR][bip39_blasting] error sending request for url (https://mainnet.infura.io/v3/cdd59d40b4f04411964c67a1bbe2bc75)
[2024-12-03 10:59:09][ERROR][bip39_blasting] error sending request for url (https://rough-side-star.quiknode.pro/03f49426224e2d6033e919ddd67eafab233b0230)
[2024-12-03 10:59:09][ERROR][bip39_blasting] error sending request for url (https://rough-side-star.quiknode.pro/03f49426224e2d6033e919ddd67eafab233b0230)
[2024-12-03 10:59:09][ERROR][bip39_blasting] error sending request for url (https://rough-side-star.quiknode.pro/03f49426224e2d6033e919ddd67eafab233b0230)
[2024-12-03 10:59:09][ERROR][bip39_blasting] error sending request for url (https://rough-side-star.quiknode.pro/03f49426224e2d6033e919ddd67eafab233b0230)
[2024-12-03 10:59:09][ERROR][bip39_blasting] error sending request for url (https://eth-mainnet.g.alchemy.com/v2/-o8_3QgAPJ0x1jWZqV3XiqdJOUJmWU7I)
[2024-12-03 10:59:09][ERROR][bip39_blasting] error sending request for url (https://eth-mainnet.g.alchemy.com/v2/-o8_3QgAPJ0x1jWZqV3XiqdJOUJmWU7I)
[2024-12-03 10:59:09][ERROR][bip39_blasting] error sending request for url (https://mainnet.infura.io/v3/cdd59d40b4f04411964c67a1bbe2bc75)
[2024-12-03 10:59:09][ERROR][bip39_blasting] error sending request for url (https://mainnet.infura.io/v3/cdd59d40b4f04411964c67a1bbe2bc75)
[2024-12-03 10:59:15][ERROR][bip39_blasting] HTTP error 429 with body: {"jsonrpc":"2.0","id":0,"error":{"code":-32005,"message":"project ID request rate exceeded","data":{"see":"https://infura.io/dashboard"}}}
[2024-12-03 10:59:15][ERROR][bip39_blasting] error sending request for url (https://mainnet.infura.io/v3/cdd59d40b4f04411964c67a1bbe2bc75)
[2024-12-03 10:59:15][ERROR][bip39_blasting] error sending request for url (https://rough-side-star.quiknode.pro/03f49426224e2d6033e919ddd67eafab233b0230)
[2024-12-03 10:59:15][ERROR][bip39_blasting] error sending request for url (https://eth-mainnet.g.alchemy.com/v2/-o8_3QgAPJ0x1jWZqV3XiqdJOUJmWU7I)
[2024-12-03 10:59:15][ERROR][bip39_blasting] error sending request for url (https://rough-side-star.quiknode.pro/03f49426224e2d6033e919ddd67eafab233b0230)
[2024-12-03 10:59:15][ERROR][bip39_blasting] error sending request for url (https://rough-side-star.quiknode.pro/03f49426224e2d6033e919ddd67eafab233b0230)
[2024-12-03 10:59:15][ERROR][bip39_blasting] HTTP error 429 with body: {"jsonrpc":"2.0","id":0,"error":{"code":-32005,"message":"project ID request rate exceeded","data":{"see":"https://infura.io/dashboard"}}}
[2024-12-03 10:59:15][ERROR][bip39_blasting] error sending request for url (https://eth-mainnet.g.alchemy.com/v2/-o8_3QgAPJ0x1jWZqV3XiqdJOUJmWU7I)
[2024-12-03 10:59:15][ERROR][bip39_blasting] error sending request for url (https://eth-mainnet.g.alchemy.com/v2/-o8_3QgAPJ0x1jWZqV3XiqdJOUJmWU7I)
[2024-12-03 10:59:15][ERROR][bip39_blasting] error sending request for url (https://eth-mainnet.g.alchemy.com/v2/-o8_3QgAPJ0x1jWZqV3XiqdJOUJmWU7I)
[2024-12-03 10:59:15][ERROR][bip39_blasting] error sending request for url (https://rough-side-star.quiknode.pro/03f49426224e2d6033e919ddd67eafab233b0230)
[2024-12-03 10:59:16][ERROR][bip39_blasting] HTTP error 429 with body: {"jsonrpc":"2.0","id":0,"error":{"code":-32005,"message":"project ID request rate exceeded","data":{"see":"https://infura.io/dashboard"}}}
[2024-12-03 10:59:17][ERROR][bip39_blasting] HTTP error 429 with body: {"jsonrpc":"2.0","id":0,"error":{"code":-32005,"message":"project ID request rate exceeded","data":{"see":"https://infura.io/dashboard"}}}
[2024-12-03 10:59:17][ERROR][bip39_blasting] HTTP error 429 with body: {"jsonrpc":"2.0","id":0,"error":{"code":-32005,"message":"project ID request rate exceeded","data":{"see":"https://infura.io/dashboard"}}}
[2024-12-03 10:59:18][ERROR][bip39_blasting] HTTP error 429 with body: {"jsonrpc":"2.0","id":0,"error":{"code":-32005,"message":"project ID request rate exceeded","data":{"see":"https://infura.io/dashboard"}}}
[2024-12-03 10:59:19][ERROR][bip39_blasting] HTTP error 429 with body: {"jsonrpc":"2.0","id":0,"error":{"code":-32005,"message":"project ID request rate exceeded","data":{"see":"https://infura.io/dashboard"}}}
[2024-12-03 10:59:20][ERROR][bip39_blasting] error sending request for url (https://rough-side-star.quiknode.pro/03f49426224e2d6033e919ddd67eafab233b0230)
[2024-12-03 10:59:20][ERROR][bip39_blasting] error sending request for url (https://eth-mainnet.g.alchemy.com/v2/-o8_3QgAPJ0x1jWZqV3XiqdJOUJmWU7I)
[2024-12-03 10:59:21][ERROR][bip39_blasting] error sending request for url (https://eth-mainnet.g.alchemy.com/v2/-o8_3QgAPJ0x1jWZqV3XiqdJOUJmWU7I)
[2024-12-03 10:59:21][ERROR][bip39_blasting] error sending request for url (https://eth-mainnet.g.alchemy.com/v2/-o8_3QgAPJ0x1jWZqV3XiqdJOUJmWU7I)
[2024-12-03 10:59:21][ERROR][bip39_blasting] error sending request for url (https://mainnet.infura.io/v3/cdd59d40b4f04411964c67a1bbe2bc75)
[2024-12-03 10:59:24][ERROR][bip39_blasting] error sending request for url (https://eth-mainnet.g.alchemy.com/v2/-o8_3QgAPJ0x1jWZqV3XiqdJOUJmWU7I)
[2024-12-03 10:59:24][ERROR][bip39_blasting] error sending request for url (https://mainnet.infura.io/v3/cdd59d40b4f04411964c67a1bbe2bc75)
[2024-12-03 10:59:24][ERROR][bip39_blasting] error sending request for url (https://mainnet.infura.io/v3/cdd59d40b4f04411964c67a1bbe2bc75)
[2024-12-03 10:59:24][ERROR][bip39_blasting] error sending request for url (https://mainnet.infura.io/v3/cdd59d40b4f04411964c67a1bbe2bc75)
[2024-12-03 10:59:24][ERROR][bip39_blasting] error sending request for url (https://eth-mainnet.g.alchemy.com/v2/-o8_3QgAPJ0x1jWZqV3XiqdJOUJmWU7I)
[2024-12-03 10:59:24][ERROR][bip39_blasting] error sending request for url (https://rough-side-star.quiknode.pro/03f49426224e2d6033e919ddd67eafab233b0230)
[2024-12-03 11:05:49][ERROR][bip39_blasting] error sending request for url (https://eth-mainnet.g.alchemy.com/v2/-o8_3QgAPJ0x1jWZqV3XiqdJOUJmWU7I)
[2024-12-03 11:05:54][ERROR][bip39_blasting] error sending request for url (https://rough-side-star.quiknode.pro/03f49426224e2d6033e919ddd67eafab233b0230)
[2024-12-03 11:08:21][ERROR][bip39_blasting] error sending request for url (https://rough-side-star.quiknode.pro/03f49426224e2d6033e919ddd67eafab233b0230)
[2024-12-03 11:08:21][ERROR][bip39_blasting] error sending request for url (https://eth-mainnet.g.alchemy.com/v2/-o8_3QgAPJ0x1jWZqV3XiqdJOUJmWU7I)
[2024-12-03 11:08:22][ERROR][bip39_blasting] error sending request for url (https://rough-side-star.quiknode.pro/03f49426224e2d6033e919ddd67eafab233b0230)
[2024-12-03 11:08:22][ERROR][bip39_blasting] error sending request for url (https://rough-side-star.quiknode.pro/03f49426224e2d6033e919ddd67eafab233b0230)
[2024-12-03 11:08:22][ERROR][bip39_blasting] error sending request for url (https://rough-side-star.quiknode.pro/03f49426224e2d6033e919ddd67eafab233b0230)
[2024-12-03 11:08:22][ERROR][bip39_blasting] error sending request for url (https://rough-side-star.quiknode.pro/03f49426224e2d6033e919ddd67eafab233b0230)
[2024-12-03 11:08:24][ERROR][bip39_blasting] error sending request for url (https://mainnet.infura.io/v3/cdd59d40b4f04411964c67a1bbe2bc75)
[2024-12-03 11:08:36][ERROR][bip39_blasting] error sending request for url (https://rough-side-star.quiknode.pro/03f49426224e2d6033e919ddd67eafab233b0230)
[2024-12-03 11:09:08][ERROR][bip39_blasting] error sending request for url (https://eth-mainnet.g.alchemy.com/v2/-o8_3QgAPJ0x1jWZqV3XiqdJOUJmWU7I)
[2024-12-03 11:09:08][ERROR][bip39_blasting] error sending request for url (https://rough-side-star.quiknode.pro/03f49426224e2d6033e919ddd67eafab233b0230)
[2024-12-03 11:09:20][ERROR][bip39_blasting] error sending request for url (https://mainnet.infura.io/v3/cdd59d40b4f04411964c67a1bbe2bc75)
[2024-12-03 11:10:06][ERROR][bip39_blasting] error sending request for url (https://eth-mainnet.g.alchemy.com/v2/-o8_3QgAPJ0x1jWZqV3XiqdJOUJmWU7I)
[2024-12-03 11:10:06][ERROR][bip39_blasting] error sending request for url (https://eth-mainnet.g.alchemy.com/v2/-o8_3QgAPJ0x1jWZqV3XiqdJOUJmWU7I)
[2024-12-03 11:10:26][ERROR][bip39_blasting] error sending request for url (https://eth-mainnet.g.alchemy.com/v2/-o8_3QgAPJ0x1jWZqV3XiqdJOUJmWU7I)
[2024-12-03 11:10:29][ERROR][bip39_blasting] error sending request for url (https://mainnet.infura.io/v3/cdd59d40b4f04411964c67a1bbe2bc75)
[2024-12-03 11:10:32][ERROR][bip39_blasting] error sending request for url (https://mainnet.infura.io/v3/cdd59d40b4f04411964c67a1bbe2bc75)
[2024-12-03 11:10:33][ERROR][bip39_blasting] error sending request for url (https://rough-side-star.quiknode.pro/03f49426224e2d6033e919ddd67eafab233b0230)
[2024-12-03 11:10:38][ERROR][bip39_blasting] error sending request for url (https://eth-mainnet.g.alchemy.com/v2/-o8_3QgAPJ0x1jWZqV3XiqdJOUJmWU7I)
[2024-12-03 11:10:47][ERROR][bip39_blasting] error sending request for url (https://mainnet.infura.io/v3/cdd59d40b4f04411964c67a1bbe2bc75)
[2024-12-03 11:10:50][ERROR][bip39_blasting] error sending request for url (https://eth-mainnet.g.alchemy.com/v2/-o8_3QgAPJ0x1jWZqV3XiqdJOUJmWU7I)
[2024-12-03 11:10:51][ERROR][bip39_blasting] error sending request for url (https://eth-mainnet.g.alchemy.com/v2/-o8_3QgAPJ0x1jWZqV3XiqdJOUJmWU7I)
[2024-12-03 11:10:57][ERROR][bip39_blasting] error sending request for url (https://mainnet.infura.io/v3/cdd59d40b4f04411964c67a1bbe2bc75)
[2024-12-03 11:10:57][ERROR][bip39_blasting] error sending request for url (https://eth-mainnet.g.alchemy.com/v2/-o8_3QgAPJ0x1jWZqV3XiqdJOUJmWU7I)
[2024-12-03 11:10:57][ERROR][bip39_blasting] error sending request for url (https://rough-side-star.quiknode.pro/03f49426224e2d6033e919ddd67eafab233b0230)
[2024-12-03 11:10:59][ERROR][bip39_blasting] error sending request for url (https://mainnet.infura.io/v3/cdd59d40b4f04411964c67a1bbe2bc75)
[2024-12-03 11:11:05][ERROR][bip39_blasting] error sending request for url (https://mainnet.infura.io/v3/cdd59d40b4f04411964c67a1bbe2bc75)
[2024-12-03 11:11:06][ERROR][bip39_blasting] error sending request for url (https://mainnet.infura.io/v3/cdd59d40b4f04411964c67a1bbe2bc75)
[2024-12-03 11:11:08][ERROR][bip39_blasting] error sending request for url (https://eth-mainnet.g.alchemy.com/v2/-o8_3QgAPJ0x1jWZqV3XiqdJOUJmWU7I)
[2024-12-03 11:11:09][ERROR][bip39_blasting] error sending request for url (https://rough-side-star.quiknode.pro/03f49426224e2d6033e919ddd67eafab233b0230)
[2024-12-03 11:11:11][ERROR][bip39_blasting] error sending request for url (https://eth-mainnet.g.alchemy.com/v2/-o8_3QgAPJ0x1jWZqV3XiqdJOUJmWU7I)
[2024-12-03 11:11:18][ERROR][bip39_blasting] error sending request for url (https://eth-mainnet.g.alchemy.com/v2/-o8_3QgAPJ0x1jWZqV3XiqdJOUJmWU7I)
[2024-12-03 11:11:26][ERROR][bip39_blasting] error sending request for url (https://eth-mainnet.g.alchemy.com/v2/-o8_3QgAPJ0x1jWZqV3XiqdJOUJmWU7I)
[2024-12-03 11:11:32][ERROR][bip39_blasting] error sending request for url (https://eth-mainnet.g.alchemy.com/v2/-o8_3QgAPJ0x1jWZqV3XiqdJOUJmWU7I)
[2024-12-03 11:11:35][ERROR][bip39_blasting] error sending request for url (https://eth-mainnet.g.alchemy.com/v2/-o8_3QgAPJ0x1jWZqV3XiqdJOUJmWU7I)
[2024-12-03 11:11:36][ERROR][bip39_blasting] error sending request for url (https://mainnet.infura.io/v3/cdd59d40b4f04411964c67a1bbe2bc75)
[2024-12-03 11:11:42][ERROR][bip39_blasting] error sending request for url (https://rough-side-star.quiknode.pro/03f49426224e2d6033e919ddd67eafab233b0230)
[2024-12-03 11:11:42][ERROR][bip39_blasting] error sending request for url (https://eth-mainnet.g.alchemy.com/v2/-o8_3QgAPJ0x1jWZqV3XiqdJOUJmWU7I)
[2024-12-03 11:11:44][ERROR][bip39_blasting] error sending request for url (https://eth-mainnet.g.alchemy.com/v2/-o8_3QgAPJ0x1jWZqV3XiqdJOUJmWU7I)
[2024-12-03 11:11:45][ERROR][bip39_blasting] error sending request for url (https://rough-side-star.quiknode.pro/03f49426224e2d6033e919ddd67eafab233b0230)
[2024-12-03 11:11:48][ERROR][bip39_blasting] error sending request for url (https://rough-side-star.quiknode.pro/03f49426224e2d6033e919ddd67eafab233b0230)
[2024-12-03 11:11:49][ERROR][bip39_blasting] error sending request for url (https://rough-side-star.quiknode.pro/03f49426224e2d6033e919ddd67eafab233b0230)
[2024-12-03 11:11:49][ERROR][bip39_blasting] error sending request for url (https://rough-side-star.quiknode.pro/03f49426224e2d6033e919ddd67eafab233b0230)
[2024-12-03 11:11:49][ERROR][bip39_blasting] error sending request for url (https://eth-mainnet.g.alchemy.com/v2/-o8_3QgAPJ0x1jWZqV3XiqdJOUJmWU7I)
[2024-12-03 11:11:51][ERROR][bip39_blasting] error sending request for url (https://mainnet.infura.io/v3/cdd59d40b4f04411964c67a1bbe2bc75)
[2024-12-03 11:11:53][ERROR][bip39_blasting] error sending request for url (https://eth-mainnet.g.alchemy.com/v2/-o8_3QgAPJ0x1jWZqV3XiqdJOUJmWU7I)
[2024-12-03 11:11:54][ERROR][bip39_blasting] error sending request for url (https://eth-mainnet.g.alchemy.com/v2/-o8_3QgAPJ0x1jWZqV3XiqdJOUJmWU7I)
[2024-12-03 11:11:54][ERROR][bip39_blasting] error sending request for url (https://mainnet.infura.io/v3/cdd59d40b4f04411964c67a1bbe2bc75)
[2024-12-03 11:11:54][ERROR][bip39_blasting] error sending request for url (https://rough-side-star.quiknode.pro/03f49426224e2d6033e919ddd67eafab233b0230)
[2024-12-03 11:11:54][ERROR][bip39_blasting] error sending request for url (https://eth-mainnet.g.alchemy.com/v2/-o8_3QgAPJ0x1jWZqV3XiqdJOUJmWU7I)
[2024-12-03 11:11:54][ERROR][bip39_blasting] error sending request for url (https://eth-mainnet.g.alchemy.com/v2/-o8_3QgAPJ0x1jWZqV3XiqdJOUJmWU7I)
[2024-12-03 11:11:55][ERROR][bip39_blasting] error sending request for url (https://mainnet.infura.io/v3/cdd59d40b4f04411964c67a1bbe2bc75)
[2024-12-03 11:11:55][ERROR][bip39_blasting] error sending request for url (https://mainnet.infura.io/v3/cdd59d40b4f04411964c67a1bbe2bc75)
[2024-12-03 11:11:56][ERROR][bip39_blasting] error sending request for url (https://rough-side-star.quiknode.pro/03f49426224e2d6033e919ddd67eafab233b0230)
[2024-12-03 11:11:56][ERROR][bip39_blasting] error sending request for url (https://mainnet.infura.io/v3/cdd59d40b4f04411964c67a1bbe2bc75)
[2024-12-03 11:12:03][ERROR][bip39_blasting] HTTP error 429 with body: {"jsonrpc":"2.0","id":1,"error":{"code":-32005,"message":"project ID request rate exceeded","data":{"see":"https://infura.io/dashboard"}}}
[2024-12-03 11:12:03][ERROR][bip39_blasting] error sending request for url (https://eth-mainnet.g.alchemy.com/v2/-o8_3QgAPJ0x1jWZqV3XiqdJOUJmWU7I)
[2024-12-03 11:12:03][ERROR][bip39_blasting] error sending request for url (https://mainnet.infura.io/v3/cdd59d40b4f04411964c67a1bbe2bc75)
[2024-12-03 11:12:03][ERROR][bip39_blasting] error sending request for url (https://eth-mainnet.g.alchemy.com/v2/-o8_3QgAPJ0x1jWZqV3XiqdJOUJmWU7I)
[2024-12-03 11:12:04][ERROR][bip39_blasting] error sending request for url (https://mainnet.infura.io/v3/cdd59d40b4f04411964c67a1bbe2bc75)
[2024-12-03 11:12:05][ERROR][bip39_blasting] error sending request for url (https://rough-side-star.quiknode.pro/03f49426224e2d6033e919ddd67eafab233b0230)
[2024-12-03 11:12:05][ERROR][bip39_blasting] error sending request for url (https://mainnet.infura.io/v3/cdd59d40b4f04411964c67a1bbe2bc75)
[2024-12-03 11:12:05][ERROR][bip39_blasting] error sending request for url (https://rough-side-star.quiknode.pro/03f49426224e2d6033e919ddd67eafab233b0230)
[2024-12-03 11:12:08][ERROR][bip39_blasting] HTTP error 429 with body: {"jsonrpc":"2.0","id":1,"error":{"code":-32005,"message":"project ID request rate exceeded","data":{"see":"https://infura.io/dashboard"}}}
[2024-12-03 11:12:11][ERROR][bip39_blasting] error sending request for url (https://mainnet.infura.io/v3/cdd59d40b4f04411964c67a1bbe2bc75)
[2024-12-03 11:12:13][ERROR][bip39_blasting] HTTP error 429 with body: {"jsonrpc":"2.0","id":1,"error":{"code":-32005,"message":"project ID request rate exceeded","data":{"see":"https://infura.io/dashboard"}}}
[2024-12-03 11:12:14][ERROR][bip39_blasting] error sending request for url (https://rough-side-star.quiknode.pro/03f49426224e2d6033e919ddd67eafab233b0230)
[2024-12-03 11:12:21][ERROR][bip39_blasting] error sending request for url (https://eth-mainnet.g.alchemy.com/v2/-o8_3QgAPJ0x1jWZqV3XiqdJOUJmWU7I)
[2024-12-03 11:12:21][ERROR][bip39_blasting] error sending request for url (https://eth-mainnet.g.alchemy.com/v2/-o8_3QgAPJ0x1jWZqV3XiqdJOUJmWU7I)
[2024-12-03 11:12:21][ERROR][bip39_blasting] error sending request for url (https://eth-mainnet.g.alchemy.com/v2/-o8_3QgAPJ0x1jWZqV3XiqdJOUJmWU7I)
[2024-12-03 11:12:21][ERROR][bip39_blasting] error sending request for url (https://rough-side-star.quiknode.pro/03f49426224e2d6033e919ddd67eafab233b0230)
[2024-12-03 11:12:26][ERROR][bip39_blasting] error sending request for url (https://eth-mainnet.g.alchemy.com/v2/-o8_3QgAPJ0x1jWZqV3XiqdJOUJmWU7I)
[2024-12-03 11:12:27][ERROR][bip39_blasting] error sending request for url (https://rough-side-star.quiknode.pro/03f49426224e2d6033e919ddd67eafab233b0230)
[2024-12-03 11:12:30][ERROR][bip39_blasting] error sending request for url (https://mainnet.infura.io/v3/cdd59d40b4f04411964c67a1bbe2bc75)
[2024-12-03 11:12:30][ERROR][bip39_blasting] error sending request for url (https://eth-mainnet.g.alchemy.com/v2/-o8_3QgAPJ0x1jWZqV3XiqdJOUJmWU7I)
[2024-12-03 11:12:34][ERROR][bip39_blasting] error sending request for url (https://eth-mainnet.g.alchemy.com/v2/-o8_3QgAPJ0x1jWZqV3XiqdJOUJmWU7I)
[2024-12-03 11:12:35][ERROR][bip39_blasting] error sending request for url (https://mainnet.infura.io/v3/cdd59d40b4f04411964c67a1bbe2bc75)
[2024-12-03 11:12:35][ERROR][bip39_blasting] error sending request for url (https://rough-side-star.quiknode.pro/03f49426224e2d6033e919ddd67eafab233b0230)
[2024-12-03 11:12:39][ERROR][bip39_blasting] error sending request for url (https://eth-mainnet.g.alchemy.com/v2/-o8_3QgAPJ0x1jWZqV3XiqdJOUJmWU7I)
[2024-12-03 11:12:39][ERROR][bip39_blasting] error sending request for url (https://mainnet.infura.io/v3/cdd59d40b4f04411964c67a1bbe2bc75)
[2024-12-03 11:12:42][ERROR][bip39_blasting] error sending request for url (https://eth-mainnet.g.alchemy.com/v2/-o8_3QgAPJ0x1jWZqV3XiqdJOUJmWU7I)
[2024-12-03 11:12:46][ERROR][bip39_blasting] error sending request for url (https://eth-mainnet.g.alchemy.com/v2/-o8_3QgAPJ0x1jWZqV3XiqdJOUJmWU7I)
[2024-12-03 11:12:46][ERROR][bip39_blasting] error sending request for url (https://rough-side-star.quiknode.pro/03f49426224e2d6033e919ddd67eafab233b0230)
[2024-12-03 11:12:46][ERROR][bip39_blasting] error sending request for url (https://eth-mainnet.g.alchemy.com/v2/-o8_3QgAPJ0x1jWZqV3XiqdJOUJmWU7I)
[2024-12-03 11:12:56][ERROR][bip39_blasting] error sending request for url (https://eth-mainnet.g.alchemy.com/v2/-o8_3QgAPJ0x1jWZqV3XiqdJOUJmWU7I)
[2024-12-03 11:12:57][ERROR][bip39_blasting] error sending request for url (https://mainnet.infura.io/v3/cdd59d40b4f04411964c67a1bbe2bc75)
[2024-12-03 11:13:02][ERROR][bip39_blasting] error sending request for url (https://rough-side-star.quiknode.pro/03f49426224e2d6033e919ddd67eafab233b0230)
[2024-12-03 11:13:05][ERROR][bip39_blasting] error sending request for url (https://rough-side-star.quiknode.pro/03f49426224e2d6033e919ddd67eafab233b0230)
[2024-12-03 11:13:06][ERROR][bip39_blasting] error sending request for url (https://rough-side-star.quiknode.pro/03f49426224e2d6033e919ddd67eafab233b0230)
[2024-12-03 11:13:09][ERROR][bip39_blasting] error sending request for url (https://mainnet.infura.io/v3/cdd59d40b4f04411964c67a1bbe2bc75)
[2024-12-03 11:13:13][ERROR][bip39_blasting] error sending request for url (https://rough-side-star.quiknode.pro/03f49426224e2d6033e919ddd67eafab233b0230)
[2024-12-03 11:13:26][ERROR][bip39_blasting] error sending request for url (https://eth-mainnet.g.alchemy.com/v2/-o8_3QgAPJ0x1jWZqV3XiqdJOUJmWU7I)
[2024-12-03 11:13:26][ERROR][bip39_blasting] error sending request for url (https://eth-mainnet.g.alchemy.com/v2/-o8_3QgAPJ0x1jWZqV3XiqdJOUJmWU7I)
[2024-12-03 11:13:39][ERROR][bip39_blasting] error sending request for url (https://rough-side-star.quiknode.pro/03f49426224e2d6033e919ddd67eafab233b0230)
[2024-12-03 11:13:51][ERROR][bip39_blasting] error sending request for url (https://mainnet.infura.io/v3/cdd59d40b4f04411964c67a1bbe2bc75)
[2024-12-03 11:13:57][ERROR][bip39_blasting] error sending request for url (https://rough-side-star.quiknode.pro/03f49426224e2d6033e919ddd67eafab233b0230)
[2024-12-03 11:14:00][ERROR][bip39_blasting] error sending request for url (https://eth-mainnet.g.alchemy.com/v2/-o8_3QgAPJ0x1jWZqV3XiqdJOUJmWU7I)
[2024-12-03 11:14:07][ERROR][bip39_blasting] HTTP error 429 with body: {"jsonrpc":"2.0","id":1,"error":{"code":-32005,"message":"project ID request rate exceeded","data":{"see":"https://infura.io/dashboard"}}}
[2024-12-03 11:14:18][ERROR][bip39_blasting] error sending request for url (https://mainnet.infura.io/v3/cdd59d40b4f04411964c67a1bbe2bc75)
[2024-12-03 11:14:24][ERROR][bip39_blasting] error sending request for url (https://rough-side-star.quiknode.pro/03f49426224e2d6033e919ddd67eafab233b0230)
[2024-12-03 11:14:31][ERROR][bip39_blasting] error sending request for url (https://eth-mainnet.g.alchemy.com/v2/-o8_3QgAPJ0x1jWZqV3XiqdJOUJmWU7I)
[2024-12-03 11:14:43][ERROR][bip39_blasting] error sending request for url (https://eth-mainnet.g.alchemy.com/v2/-o8_3QgAPJ0x1jWZqV3XiqdJOUJmWU7I)
[2024-12-03 11:14:51][ERROR][bip39_blasting] error sending request for url (https://rough-side-star.quiknode.pro/03f49426224e2d6033e919ddd67eafab233b0230)
[2024-12-03 11:14:51][ERROR][bip39_blasting] error sending request for url (https://rough-side-star.quiknode.pro/03f49426224e2d6033e919ddd67eafab233b0230)
[2024-12-03 11:14:53][ERROR][bip39_blasting] error sending request for url (https://eth-mainnet.g.alchemy.com/v2/-o8_3QgAPJ0x1jWZqV3XiqdJOUJmWU7I)
[2024-12-03 11:15:02][ERROR][bip39_blasting] error sending request for url (https://eth-mainnet.g.alchemy.com/v2/-o8_3QgAPJ0x1jWZqV3XiqdJOUJmWU7I)
[2024-12-03 11:15:16][ERROR][bip39_blasting] error sending request for url (https://mainnet.infura.io/v3/cdd59d40b4f04411964c67a1bbe2bc75)
[2024-12-03 11:15:17][ERROR][bip39_blasting] error sending request for url (https://eth-mainnet.g.alchemy.com/v2/-o8_3QgAPJ0x1jWZqV3XiqdJOUJmWU7I)
[2024-12-03 11:15:17][ERROR][bip39_blasting] error sending request for url (https://rough-side-star.quiknode.pro/03f49426224e2d6033e919ddd67eafab233b0230)
[2024-12-03 11:15:24][ERROR][bip39_blasting] error sending request for url (https://mainnet.infura.io/v3/cdd59d40b4f04411964c67a1bbe2bc75)
[2024-12-03 11:15:32][ERROR][bip39_blasting] HTTP error 429 with body: {"jsonrpc":"2.0","id":1,"error":{"code":-32005,"message":"project ID request rate exceeded","data":{"see":"https://infura.io/dashboard"}}}
[2024-12-03 11:15:37][ERROR][bip39_blasting] HTTP error 429 with body: {"jsonrpc":"2.0","id":1,"error":{"code":-32005,"message":"project ID request rate exceeded","data":{"see":"https://infura.io/dashboard"}}}
[2024-12-03 11:15:47][ERROR][bip39_blasting] error sending request for url (https://eth-mainnet.g.alchemy.com/v2/-o8_3QgAPJ0x1jWZqV3XiqdJOUJmWU7I)
[2024-12-03 11:15:47][ERROR][bip39_blasting] error sending request for url (https://eth-mainnet.g.alchemy.com/v2/-o8_3QgAPJ0x1jWZqV3XiqdJOUJmWU7I)
[2024-12-03 11:15:47][ERROR][bip39_blasting] error sending request for url (https://rough-side-star.quiknode.pro/03f49426224e2d6033e919ddd67eafab233b0230)
[2024-12-03 11:15:48][ERROR][bip39_blasting] error sending request for url (https://eth-mainnet.g.alchemy.com/v2/-o8_3QgAPJ0x1jWZqV3XiqdJOUJmWU7I)
[2024-12-03 11:15:52][ERROR][bip39_blasting] HTTP error 429 with body: {"jsonrpc":"2.0","id":1,"error":{"code":-32005,"message":"project ID request rate exceeded","data":{"see":"https://infura.io/dashboard"}}}
[2024-12-03 11:15:54][ERROR][bip39_blasting] error sending request for url (https://mainnet.infura.io/v3/cdd59d40b4f04411964c67a1bbe2bc75)
[2024-12-03 11:15:59][ERROR][bip39_blasting] error sending request for url (https://mainnet.infura.io/v3/cdd59d40b4f04411964c67a1bbe2bc75)
[2024-12-03 11:15:59][ERROR][bip39_blasting] error sending request for url (https://rough-side-star.quiknode.pro/03f49426224e2d6033e919ddd67eafab233b0230)
[2024-12-03 11:16:00][ERROR][bip39_blasting] error sending request for url (https://eth-mainnet.g.alchemy.com/v2/-o8_3QgAPJ0x1jWZqV3XiqdJOUJmWU7I)
[2024-12-03 11:16:05][ERROR][bip39_blasting] error sending request for url (https://mainnet.infura.io/v3/cdd59d40b4f04411964c67a1bbe2bc75)
[2024-12-03 11:16:06][ERROR][bip39_blasting] error sending request for url (https://eth-mainnet.g.alchemy.com/v2/-o8_3QgAPJ0x1jWZqV3XiqdJOUJmWU7I)
[2024-12-03 11:16:07][ERROR][bip39_blasting] error sending request for url (https://rough-side-star.quiknode.pro/03f49426224e2d6033e919ddd67eafab233b0230)
[2024-12-03 11:16:07][ERROR][bip39_blasting] error sending request for url (https://mainnet.infura.io/v3/cdd59d40b4f04411964c67a1bbe2bc75)
[2024-12-03 11:16:08][ERROR][bip39_blasting] error sending request for url (https://mainnet.infura.io/v3/cdd59d40b4f04411964c67a1bbe2bc75)
[2024-12-03 11:16:09][ERROR][bip39_blasting] HTTP error 429 with body: {"jsonrpc":"2.0","id":1,"error":{"code":-32005,"message":"project ID request rate exceeded","data":{"see":"https://infura.io/dashboard"}}}
[2024-12-03 11:16:09][ERROR][bip39_blasting] error sending request for url (https://rough-side-star.quiknode.pro/03f49426224e2d6033e919ddd67eafab233b0230)
[2024-12-03 11:16:10][ERROR][bip39_blasting] HTTP error 429 with body: {"jsonrpc":"2.0","id":1,"error":{"code":-32005,"message":"project ID request rate exceeded","data":{"see":"https://infura.io/dashboard"}}}
[2024-12-03 11:16:13][ERROR][bip39_blasting] HTTP error 429 with body: {"jsonrpc":"2.0","id":1,"error":{"code":-32005,"message":"project ID request rate exceeded","data":{"see":"https://infura.io/dashboard"}}}
[2024-12-03 11:16:21][ERROR][bip39_blasting] error sending request for url (https://eth-mainnet.g.alchemy.com/v2/-o8_3QgAPJ0x1jWZqV3XiqdJOUJmWU7I)
[2024-12-03 11:16:23][ERROR][bip39_blasting] error sending request for url (https://mainnet.infura.io/v3/cdd59d40b4f04411964c67a1bbe2bc75)
[2024-12-03 11:16:33][ERROR][bip39_blasting] error sending request for url (https://mainnet.infura.io/v3/cdd59d40b4f04411964c67a1bbe2bc75)
[2024-12-03 11:16:35][ERROR][bip39_blasting] error sending request for url (https://rough-side-star.quiknode.pro/03f49426224e2d6033e919ddd67eafab233b0230)
[2024-12-03 11:16:41][ERROR][bip39_blasting] error sending request for url (https://eth-mainnet.g.alchemy.com/v2/-o8_3QgAPJ0x1jWZqV3XiqdJOUJmWU7I)
[2024-12-03 11:16:44][ERROR][bip39_blasting] error sending request for url (https://eth-mainnet.g.alchemy.com/v2/-o8_3QgAPJ0x1jWZqV3XiqdJOUJmWU7I)
[2024-12-03 11:16:47][ERROR][bip39_blasting] error sending request for url (https://mainnet.infura.io/v3/cdd59d40b4f04411964c67a1bbe2bc75)
[2024-12-03 11:16:47][ERROR][bip39_blasting] error sending request for url (https://eth-mainnet.g.alchemy.com/v2/-o8_3QgAPJ0x1jWZqV3XiqdJOUJmWU7I)
[2024-12-03 11:16:51][ERROR][bip39_blasting] HTTP error 429 with body: {"jsonrpc":"2.0","id":1,"error":{"code":-32005,"message":"project ID request rate exceeded","data":{"see":"https://infura.io/dashboard"}}}
[2024-12-03 11:16:52][ERROR][bip39_blasting] error sending request for url (https://eth-mainnet.g.alchemy.com/v2/-o8_3QgAPJ0x1jWZqV3XiqdJOUJmWU7I)
[2024-12-03 11:16:53][ERROR][bip39_blasting] error sending request for url (https://mainnet.infura.io/v3/cdd59d40b4f04411964c67a1bbe2bc75)
[2024-12-03 11:16:53][ERROR][bip39_blasting] HTTP error 429 with body: {"jsonrpc":"2.0","id":1,"error":{"code":-32005,"message":"project ID request rate exceeded","data":{"see":"https://infura.io/dashboard"}}}
[2024-12-03 11:16:54][ERROR][bip39_blasting] error sending request for url (https://eth-mainnet.g.alchemy.com/v2/-o8_3QgAPJ0x1jWZqV3XiqdJOUJmWU7I)
[2024-12-03 11:17:05][ERROR][bip39_blasting] error sending request for url (https://eth-mainnet.g.alchemy.com/v2/-o8_3QgAPJ0x1jWZqV3XiqdJOUJmWU7I)
[2024-12-03 11:17:06][ERROR][bip39_blasting] error sending request for url (https://rough-side-star.quiknode.pro/03f49426224e2d6033e919ddd67eafab233b0230)
[2024-12-03 11:17:08][ERROR][bip39_blasting] error sending request for url (https://eth-mainnet.g.alchemy.com/v2/-o8_3QgAPJ0x1jWZqV3XiqdJOUJmWU7I)
